<?xml version="1.0" encoding="UTF-8"?>
<!-- Generated by org.testng.reporters.JUnitXMLReporter -->
<testsuite hostname="DESKTOP-C20QUMU" failures="0" tests="2" name="Test" time="2.358" errors="0" timestamp="5 Jul 2022 12:23:12 GMT">
  <testcase classname="com.abc.testscript.TC002MapSearchPage" name="@BeforeMethod Beforem" time="0.0">
    <failure type="java.lang.NullPointerException" message="Cannot read the array length because the return value of &amp;quot;java.io.File.list()&amp;quot; is null">
      <![CDATA[java.lang.NullPointerException: Cannot read the array length because the return value of "java.io.File.list()" is null
	at com.abc.seleniumrepository.SeleniumRepo.delete(SeleniumRepo.java:196)
	at com.abc.seleniumrepository.SeleniumRepo.delete(SeleniumRepo.java:205)
	at com.abc.seleniumrepository.SeleniumRepo.deleteTempFile(SeleniumRepo.java:182)
	at com.abc.seleniumrepository.SeleniumRepo.startBrowser(SeleniumRepo.java:50)
	at com.abc.projectpage.TestngAnnotations.Beforem(TestngAnnotations.java:25)
... Removed 24 stack frames]]>
    </failure>
  </testcase> <!-- @BeforeMethod Beforem -->
  <testcase classname="com.abc.testscript.TC002MapSearchPage" name="@AfterMethod AfterTest" time="0.0">
    <failure type="java.lang.NullPointerException" message="Cannot invoke &amp;quot;org.openqa.selenium.WebDriver.quit()&amp;quot; because &amp;quot;com.abc.seleniumrepository.SeleniumRepo.driver&amp;quot; is null">
      <![CDATA[java.lang.NullPointerException: Cannot invoke "org.openqa.selenium.WebDriver.quit()" because "com.abc.seleniumrepository.SeleniumRepo.driver" is null
	at com.abc.projectpage.TestngAnnotations.AfterTest(TestngAnnotations.java:37)
... Removed 24 stack frames]]>
    </failure>
  </testcase> <!-- @AfterMethod AfterTest -->
  <testcase classname="com.abc.testscript.TC002MapSearchPage" name="@BeforeMethod Beforem" time="0.0">
    <skipped/>
  </testcase> <!-- @BeforeMethod Beforem -->
  <testcase classname="com.abc.testscript.TC002MapSearchPage" name="@AfterMethod AfterTest" time="0.0">
    <failure type="java.lang.NullPointerException" message="Cannot invoke &amp;quot;org.openqa.selenium.WebDriver.quit()&amp;quot; because &amp;quot;com.abc.seleniumrepository.SeleniumRepo.driver&amp;quot; is null">
      <![CDATA[java.lang.NullPointerException: Cannot invoke "org.openqa.selenium.WebDriver.quit()" because "com.abc.seleniumrepository.SeleniumRepo.driver" is null
	at com.abc.projectpage.TestngAnnotations.AfterTest(TestngAnnotations.java:37)
... Removed 24 stack frames]]>
    </failure>
  </testcase> <!-- @AfterMethod AfterTest -->
  <testcase classname="com.abc.testscript.TC002MapSearchPage" name="SearchPageTest" time="0.005">
    <skipped/>
  </testcase> <!-- SearchPageTest -->
  <testcase classname="com.abc.testscript.TC002MapSearchPage" name="SearchPageTest" time="0.002">
    <skipped/>
  </testcase> <!-- SearchPageTest -->
</testsuite> <!-- Test -->
